[904:8848:0204/224259:INFO:AppRunner.cpp(611)] Begin run process geeplayer, -runfrom openimage "C:\Users\simon126649\Desktop\博客主题\violettianjie.github.io-master\violettianjie.github.io-master\favicon.ico", mainplugin is mainPlugin
[904:8848:0204/224259:INFO:AppRunner.cpp(617)] ProductName is GeePlayer1
[904:8848:0204/224259:INFO:ChannelManager.cpp(1219)] create connection thread
[904:8848:0204/224259:INFO:AppRunner.cpp(661)] apppluginbase version is 5.1.3.13
[904:8848:0204/224259:INFO:UIlib.cpp(192)] quilib: version is 5.1.3.9
[904:8848:0204/224259:INFO:serviceManager.cpp(508)] mainprocessisrunning key is set as 1
[904:8848:0204/224259:INFO:serviceManager.cpp(629)] create local service plugin PluginServerStatePlugin
[904:8848:0204/224259:INFO:serviceManager.cpp(687)] plugin PluginServerStatePlugin DoPluginInit
[904:8848:0204/224259:INFO:serviceManager.cpp(1272)] repository parse over
[904:8848:0204/224259:INFO:UIManager.cpp(383)] quilib:call set resouce path, path is c:\program files (x86)\iqiyi video\geeplayer\3.0.40.3591\skin
[904:8848:0204/224259:INFO:UIMarkup.cpp(395)] quilib:Open Resource failed, Path is c:\program files (x86)\iqiyi video\geeplayer\3.0.40.3591\skin\StyleTable.xml, last error is2
[904:8848:0204/224259:INFO:UIDlgBuilder.cpp(512)] quilib:create root control failed
[904:8848:0204/224259:INFO:UIDlgBuilder.cpp(512)] quilib:create root control failed
[904:8848:0204/224259:INFO:UIDlgBuilder.cpp(512)] quilib:create root control failed
[904:8848:0204/224259:INFO:UIDlgBuilder.cpp(512)] quilib:create root control failed
[904:8848:0204/224259:INFO:UIDlgBuilder.cpp(512)] quilib:create root control failed
[904:8848:0204/224259:INFO:UIDlgBuilder.cpp(512)] quilib:create root control failed
[904:8848:0204/224304:INFO:AppRunner.cpp(720)] loop exit geeplayer call main plugin DestoryPluginEntry
[904:8848:0204/224304:INFO:PluginDevelopAssistant.cpp(115)] real plugin mainPlugin call DestroyPlugin
[904:8848:0204/224304:INFO:IPlugin.cpp(31)] destruct plugin mainPlugin
[904:8848:0204/224304:INFO:serviceManager.cpp(1353)] mainPlugin plugin had destroy by DestructPlugin
[904:8848:0204/224304:INFO:serviceManager.cpp(1906)] DestructManager begin
[904:8848:0204/224304:INFO:IPlugin.cpp(31)] destruct plugin PluginServerStatePlugin
[904:8848:0204/224304:INFO:PluginDevelopAssistant.cpp(295)] real plugin PluginServerStatePlugin call DestroyPlugin
[904:8848:0204/224304:INFO:serviceManager.cpp(1353)] PluginServerStatePlugin plugin had destroy by DestructPlugin
[904:8848:0204/224304:INFO:serviceManager.cpp(1759)] DeleteLeftPlugins begin
[904:8848:0204/224304:INFO:serviceManager.cpp(1822)] DeleteLeftPlugins end
[904:8848:0204/224304:INFO:serviceManager.cpp(508)] mainprocessisrunning key is set as 0
[904:8848:0204/224304:INFO:AppRunner.cpp(735)] close mutex of process geeplayer
[904:8848:0204/224304:INFO:AppRunner.cpp(743)] run process geeplayer end
